d:\onedrive\documentos\github\minesweeper\minesweeper\debug\vc142.pdb
d:\onedrive\documentos\github\minesweeper\minesweeper\debug\vc142.idb
d:\onedrive\documentos\github\minesweeper\minesweeper\debug\summinefield.obj
d:\onedrive\documentos\github\minesweeper\minesweeper\debug\printfield.obj
d:\onedrive\documentos\github\minesweeper\minesweeper\debug\openspacefield.obj
d:\onedrive\documentos\github\minesweeper\minesweeper\debug\main.obj
d:\onedrive\documentos\github\minesweeper\minesweeper\debug\initfield.obj
d:\onedrive\documentos\github\minesweeper\minesweeper\debug\game.obj
d:\onedrive\documentos\github\minesweeper\minesweeper\debug\fillfield.obj
d:\onedrive\documentos\github\minesweeper\minesweeper\debug\minesweeper.ilk
d:\onedrive\documentos\github\minesweeper\debug\minesweeper.exe
d:\onedrive\documentos\github\minesweeper\debug\minesweeper.pdb
d:\onedrive\documentos\github\minesweeper\minesweeper\debug\resource.res
d:\onedrive\documentos\github\minesweeper\minesweeper\debug\minesweeper.tlog\cl.command.1.tlog
d:\onedrive\documentos\github\minesweeper\minesweeper\debug\minesweeper.tlog\cl.read.1.tlog
d:\onedrive\documentos\github\minesweeper\minesweeper\debug\minesweeper.tlog\cl.write.1.tlog
d:\onedrive\documentos\github\minesweeper\minesweeper\debug\minesweeper.tlog\link.command.1.tlog
d:\onedrive\documentos\github\minesweeper\minesweeper\debug\minesweeper.tlog\link.read.1.tlog
d:\onedrive\documentos\github\minesweeper\minesweeper\debug\minesweeper.tlog\link.write.1.tlog
d:\onedrive\documentos\github\minesweeper\minesweeper\debug\minesweeper.tlog\rc.command.1.tlog
d:\onedrive\documentos\github\minesweeper\minesweeper\debug\minesweeper.tlog\rc.read.1.tlog
d:\onedrive\documentos\github\minesweeper\minesweeper\debug\minesweeper.tlog\rc.write.1.tlog
